Build started 1/12/2014 1:21:32 AM.
     1>Project "E:\Development\Small-Projects\Games\GridSnake\GridSnake\GridSnake.vcxproj" on node 2 (Build target(s)).
     1>ClCompile:
         Z:\Program Files (x86)\Microsoft Visual Studio 11.0\VC\bin\CL.exe /c /ZI /nologo /W3 /WX- /sdl /Od /Oy- /D _MBCS /Gm /EHsc /RTC1 /MDd /GS /fp:precise /Zc:wchar_t /Zc:forScope /Fo"Debug\\" /Fd"Debug\vc110.pdb" /Gd /TP /analyze- /errorReport:prompt Game.cpp Grid.cpp GridCell.cpp Snake.cpp main.cpp
         Snake.cpp
         Game.cpp
         Generating Code...
         Skipping... (no relevant changes detected)
         main.cpp
         GridCell.cpp
         Grid.cpp
       Link:
         Z:\Program Files (x86)\Microsoft Visual Studio 11.0\VC\bin\link.exe /ERRORREPORT:PROMPT /OUT:"E:\Development\Small-Projects\Games\GridSnake\Debug\GridSnake.exe" /INCREMENTAL /NOLOGO /LIBPATH:"E:\Libraries\freeglut\freeglut-2.8.1\lib\x86\Debug" kernel32.lib user32.lib gdi32.lib winspool.lib comdlg32.lib advapi32.lib shell32.lib ole32.lib oleaut32.lib uuid.lib odbc32.lib odbccp32.lib /MANIFEST /MANIFESTUAC:"level='asInvoker' uiAccess='false'" /manifest:embed /DEBUG /PDB:"E:\Development\Small-Projects\Games\GridSnake\Debug\GridSnake.pdb" /TLBID:1 /DYNAMICBASE /NXCOMPAT /IMPLIB:"E:\Development\Small-Projects\Games\GridSnake\Debug\GridSnake.lib" /MACHINE:X86 Debug\Game.obj
         Debug\Grid.obj
         Debug\GridCell.obj
         Debug\ListDrawer.obj
         Debug\main.obj
         Debug\Snake.obj
         Debug\SnakeBodyPart.obj
         GridSnake.vcxproj -> E:\Development\Small-Projects\Games\GridSnake\Debug\GridSnake.exe
     1>Done Building Project "E:\Development\Small-Projects\Games\GridSnake\GridSnake\GridSnake.vcxproj" (Build target(s)).

Build succeeded.

Time Elapsed 00:00:02.04
