E:\DEVELOPMENT\SMALL-PROJECTS\GAMES\GRIDSNAKE\GRIDSNAKE\DEBUG\MAIN.OBJ
E:\DEVELOPMENT\SMALL-PROJECTS\GAMES\GRIDSNAKE\GRIDSNAKE\DEBUG\VC110.PDB
E:\DEVELOPMENT\SMALL-PROJECTS\GAMES\GRIDSNAKE\GRIDSNAKE\DEBUG\GRIDCELL.OBJ
E:\DEVELOPMENT\SMALL-PROJECTS\GAMES\GRIDSNAKE\GRIDSNAKE\DEBUG\GRID.OBJ
E:\DEVELOPMENT\SMALL-PROJECTS\GAMES\GRIDSNAKE\GRIDSNAKE\DEBUG\LISTDRAWER.OBJ
E:\DEVELOPMENT\SMALL-PROJECTS\GAMES\GRIDSNAKE\GRIDSNAKE\DEBUG\GAME.OBJ
E:\DEVELOPMENT\SMALL-PROJECTS\GAMES\GRIDSNAKE\DEBUG\GRIDSNAKE.ILK
E:\DEVELOPMENT\SMALL-PROJECTS\GAMES\GRIDSNAKE\DEBUG\GRIDSNAKE.EXE
E:\DEVELOPMENT\SMALL-PROJECTS\GAMES\GRIDSNAKE\DEBUG\GRIDSNAKE.PDB
E:\Development\Small-Projects\Games\GridSnake\GridSnake\Debug\Game.obj
E:\Development\Small-Projects\Games\GridSnake\GridSnake\Debug\ListDrawer.obj
E:\Development\Small-Projects\Games\GridSnake\GridSnake\Debug\main.obj
E:\Development\Small-Projects\Games\GridSnake\GridSnake\Debug\cl.command.1.tlog
E:\Development\Small-Projects\Games\GridSnake\GridSnake\Debug\CL.read.1.tlog
E:\Development\Small-Projects\Games\GridSnake\GridSnake\Debug\CL.write.1.tlog
E:\Development\Small-Projects\Games\GridSnake\GridSnake\Debug\link-cvtres.read.1.tlog
E:\Development\Small-Projects\Games\GridSnake\GridSnake\Debug\link-cvtres.write.1.tlog
E:\Development\Small-Projects\Games\GridSnake\GridSnake\Debug\link-rc.read.1.tlog
E:\Development\Small-Projects\Games\GridSnake\GridSnake\Debug\link-rc.write.1.tlog
E:\Development\Small-Projects\Games\GridSnake\GridSnake\Debug\link.10348-cvtres.read.1.tlog
E:\Development\Small-Projects\Games\GridSnake\GridSnake\Debug\link.10348-cvtres.write.1.tlog
E:\Development\Small-Projects\Games\GridSnake\GridSnake\Debug\link.10348-rc.read.1.tlog
E:\Development\Small-Projects\Games\GridSnake\GridSnake\Debug\link.10348-rc.write.1.tlog
E:\Development\Small-Projects\Games\GridSnake\GridSnake\Debug\link.10348.read.1.tlog
E:\Development\Small-Projects\Games\GridSnake\GridSnake\Debug\link.10348.write.1.tlog
E:\Development\Small-Projects\Games\GridSnake\GridSnake\Debug\link.10632-cvtres.read.1.tlog
E:\Development\Small-Projects\Games\GridSnake\GridSnake\Debug\link.10632-cvtres.write.1.tlog
E:\Development\Small-Projects\Games\GridSnake\GridSnake\Debug\link.10632-rc.read.1.tlog
E:\Development\Small-Projects\Games\GridSnake\GridSnake\Debug\link.10632-rc.write.1.tlog
E:\Development\Small-Projects\Games\GridSnake\GridSnake\Debug\link.10632.read.1.tlog
E:\Development\Small-Projects\Games\GridSnake\GridSnake\Debug\link.10632.write.1.tlog
E:\Development\Small-Projects\Games\GridSnake\GridSnake\Debug\link.12272-cvtres.read.1.tlog
E:\Development\Small-Projects\Games\GridSnake\GridSnake\Debug\link.12272-cvtres.write.1.tlog
E:\Development\Small-Projects\Games\GridSnake\GridSnake\Debug\link.12272-rc.read.1.tlog
E:\Development\Small-Projects\Games\GridSnake\GridSnake\Debug\link.12272-rc.write.1.tlog
E:\Development\Small-Projects\Games\GridSnake\GridSnake\Debug\link.12272.read.1.tlog
E:\Development\Small-Projects\Games\GridSnake\GridSnake\Debug\link.12272.write.1.tlog
E:\Development\Small-Projects\Games\GridSnake\GridSnake\Debug\link.13044-cvtres.read.1.tlog
E:\Development\Small-Projects\Games\GridSnake\GridSnake\Debug\link.13044-cvtres.write.1.tlog
E:\Development\Small-Projects\Games\GridSnake\GridSnake\Debug\link.13044-rc.read.1.tlog
E:\Development\Small-Projects\Games\GridSnake\GridSnake\Debug\link.13044-rc.write.1.tlog
E:\Development\Small-Projects\Games\GridSnake\GridSnake\Debug\link.13044.read.1.tlog
E:\Development\Small-Projects\Games\GridSnake\GridSnake\Debug\link.13044.write.1.tlog
E:\Development\Small-Projects\Games\GridSnake\GridSnake\Debug\link.5916-cvtres.read.1.tlog
E:\Development\Small-Projects\Games\GridSnake\GridSnake\Debug\link.5916-cvtres.write.1.tlog
E:\Development\Small-Projects\Games\GridSnake\GridSnake\Debug\link.5916-rc.read.1.tlog
E:\Development\Small-Projects\Games\GridSnake\GridSnake\Debug\link.5916-rc.write.1.tlog
E:\Development\Small-Projects\Games\GridSnake\GridSnake\Debug\link.5916.read.1.tlog
E:\Development\Small-Projects\Games\GridSnake\GridSnake\Debug\link.5916.write.1.tlog
E:\Development\Small-Projects\Games\GridSnake\GridSnake\Debug\link.8052-cvtres.read.1.tlog
E:\Development\Small-Projects\Games\GridSnake\GridSnake\Debug\link.8052-cvtres.write.1.tlog
E:\Development\Small-Projects\Games\GridSnake\GridSnake\Debug\link.8052-rc.read.1.tlog
E:\Development\Small-Projects\Games\GridSnake\GridSnake\Debug\link.8052-rc.write.1.tlog
E:\Development\Small-Projects\Games\GridSnake\GridSnake\Debug\link.8052.read.1.tlog
E:\Development\Small-Projects\Games\GridSnake\GridSnake\Debug\link.8052.write.1.tlog
E:\Development\Small-Projects\Games\GridSnake\GridSnake\Debug\link.8364-cvtres.read.1.tlog
E:\Development\Small-Projects\Games\GridSnake\GridSnake\Debug\link.8364-cvtres.write.1.tlog
E:\Development\Small-Projects\Games\GridSnake\GridSnake\Debug\link.8364-rc.read.1.tlog
E:\Development\Small-Projects\Games\GridSnake\GridSnake\Debug\link.8364-rc.write.1.tlog
E:\Development\Small-Projects\Games\GridSnake\GridSnake\Debug\link.8364.read.1.tlog
E:\Development\Small-Projects\Games\GridSnake\GridSnake\Debug\link.8364.write.1.tlog
E:\Development\Small-Projects\Games\GridSnake\GridSnake\Debug\link.command.1.tlog
E:\Development\Small-Projects\Games\GridSnake\GridSnake\Debug\link.read.1.tlog
E:\Development\Small-Projects\Games\GridSnake\GridSnake\Debug\link.write.1.tlog
E:\Development\Small-Projects\Games\GridSnake\GridSnake\Debug\vc110.idb
E:\Development\Small-Projects\Games\GridSnake\GridSnake\Debug\vc110.pdb
E:\Development\Small-Projects\Games\GridSnake\Debug\GridSnake.pdb
E:\Development\Small-Projects\Games\GridSnake\Debug\GridSnake.exe
E:\Development\Small-Projects\Games\GridSnake\Debug\GridSnake.ilk
